2023-07-23 20:07:281 INFO  HomePage :52 - Clicking on 'Log in'' link: [[ChromeDriver: chrome on windows (0a1be0e09c98889cf5e22015052c75ac)] -> xpath: //a[contains(text(),'Log in')]]
2023-07-23 20:07:296 INFO  LoginPage :39 - Verifying 'Welcome, Please Sign In!' text: [[ChromeDriver: chrome on windows (0a1be0e09c98889cf5e22015052c75ac)] -> xpath: //h1[contains(text(),'Welcome, Please Sign In!')]]
2023-07-23 23:07:230 INFO  HomePage :52 - Clicking on 'Log in'' link: [[ChromeDriver: chrome on windows (330bc9e37d9b48fdb7a505e3b47ac958)] -> xpath: //a[contains(text(),'Log in')]]
2023-07-23 23:07:163 INFO  LoginPage :39 - Verifying 'Welcome, Please Sign In!' text: [[ChromeDriver: chrome on windows (330bc9e37d9b48fdb7a505e3b47ac958)] -> xpath: //h1[contains(text(),'Welcome, Please Sign In!')]]
2023-07-23 23:07:155 INFO  HomePage :52 - Clicking on 'Log in'' link: [[ChromeDriver: chrome on windows (f715a0ebcad2a9eaea3b30f721bb269f)] -> xpath: //a[contains(text(),'Log in')]]
2023-07-23 23:07:417 INFO  LoginPage :44 - Entering email in 'Email' field: [[ChromeDriver: chrome on windows (f715a0ebcad2a9eaea3b30f721bb269f)] -> id: Email]
2023-07-23 23:07:517 INFO  LoginPage :49 - Entering password in 'Password' field: [[ChromeDriver: chrome on windows (f715a0ebcad2a9eaea3b30f721bb269f)] -> name: Password]
2023-07-23 23:07:617 INFO  LoginPage :54 - Clicking on 'Log in' button: [[ChromeDriver: chrome on windows (f715a0ebcad2a9eaea3b30f721bb269f)] -> xpath: //button[contains(text(),'Log in')]]
2023-07-23 23:07:621 INFO  LoginPage :59 - Verifying error message: [[ChromeDriver: chrome on windows (f715a0ebcad2a9eaea3b30f721bb269f)] -> xpath: //div[@class='message-error validation-summary-errors']]
2023-07-23 23:07:133 INFO  HomePage :52 - Clicking on 'Log in'' link: [[ChromeDriver: chrome on windows (edcb852b8788af4308fb4b0693cab97a)] -> xpath: //a[contains(text(),'Log in')]]
2023-07-23 23:07:727 INFO  LoginPage :39 - Verifying 'Welcome, Please Sign In!' text: [[ChromeDriver: chrome on windows (edcb852b8788af4308fb4b0693cab97a)] -> xpath: //h1[contains(text(),'Welcome, Please Sign In!')]]
2023-07-24 00:07:123 INFO  HomePage :52 - Clicking on 'Log in'' link: [[ChromeDriver: chrome on windows (d5e150a88afea8818512fbdb24c2673a)] -> xpath: //a[contains(text(),'Log in')]]
2023-07-24 00:07:300 INFO  LoginPage :44 - Entering email in 'Email' field: [[ChromeDriver: chrome on windows (d5e150a88afea8818512fbdb24c2673a)] -> id: Email]
2023-07-24 00:07:754 INFO  LoginPage :49 - Entering password in 'Password' field: [[ChromeDriver: chrome on windows (d5e150a88afea8818512fbdb24c2673a)] -> name: Password]
2023-07-24 00:07:126 INFO  LoginPage :54 - Clicking on 'Log in' button: [[ChromeDriver: chrome on windows (d5e150a88afea8818512fbdb24c2673a)] -> xpath: //button[contains(text(),'Log in')]]
2023-07-24 00:07:223 INFO  LoginPage :59 - Verifying error message: [[ChromeDriver: chrome on windows (d5e150a88afea8818512fbdb24c2673a)] -> xpath: //div[@class='message-error validation-summary-errors']]
2023-07-24 00:07:803 INFO  HomePage :52 - Clicking on 'Log in'' link: [[ChromeDriver: chrome on windows (1fe5e518b8c5efb806d92ca262892421)] -> xpath: //a[contains(text(),'Log in')]]
2023-07-24 00:07:208 INFO  LoginPage :44 - Entering email in 'Email' field: [[ChromeDriver: chrome on windows (1fe5e518b8c5efb806d92ca262892421)] -> id: Email]
2023-07-24 00:07:483 INFO  LoginPage :49 - Entering password in 'Password' field: [[ChromeDriver: chrome on windows (1fe5e518b8c5efb806d92ca262892421)] -> name: Password]
2023-07-24 00:07:721 INFO  LoginPage :54 - Clicking on 'Log in' button: [[ChromeDriver: chrome on windows (1fe5e518b8c5efb806d92ca262892421)] -> xpath: //button[contains(text(),'Log in')]]
2023-07-24 00:07:320 INFO  LoginPage :64 - Verifying 'Log out' link is displayed: Proxy element for: DefaultElementLocator 'By.xpath: //a[contains(text(),'Log out')]'
2023-07-24 00:07:569 INFO  HomePage :52 - Clicking on 'Log in'' link: [[ChromeDriver: chrome on windows (01abe777fe47c8d6c66e51b1ef8675d6)] -> xpath: //a[contains(text(),'Log in')]]
2023-07-24 00:07:989 INFO  LoginPage :39 - Verifying 'Welcome, Please Sign In!' text: [[ChromeDriver: chrome on windows (01abe777fe47c8d6c66e51b1ef8675d6)] -> xpath: //h1[contains(text(),'Welcome, Please Sign In!')]]
2023-07-24 00:07:739 INFO  HomePage :52 - Clicking on 'Log in'' link: [[ChromeDriver: chrome on windows (50dfa58ff067211181fddb867dc575f4)] -> xpath: //a[contains(text(),'Log in')]]
2023-07-24 00:07:635 INFO  LoginPage :44 - Entering email in 'Email' field: [[ChromeDriver: chrome on windows (50dfa58ff067211181fddb867dc575f4)] -> id: Email]
2023-07-24 00:07:878 INFO  LoginPage :49 - Entering password in 'Password' field: [[ChromeDriver: chrome on windows (50dfa58ff067211181fddb867dc575f4)] -> name: Password]
2023-07-24 00:07:104 INFO  LoginPage :54 - Clicking on 'Log in' button: [[ChromeDriver: chrome on windows (50dfa58ff067211181fddb867dc575f4)] -> xpath: //button[contains(text(),'Log in')]]
2023-07-24 00:07:177 INFO  LoginPage :59 - Verifying error message: [[ChromeDriver: chrome on windows (50dfa58ff067211181fddb867dc575f4)] -> xpath: //div[@class='message-error validation-summary-errors']]
2023-07-24 00:07:101 INFO  HomePage :52 - Clicking on 'Log in'' link: [[ChromeDriver: chrome on windows (77f53388c7159967d108db5a2dd9b628)] -> xpath: //a[contains(text(),'Log in')]]
2023-07-24 00:07:844 INFO  LoginPage :44 - Entering email in 'Email' field: [[ChromeDriver: chrome on windows (77f53388c7159967d108db5a2dd9b628)] -> id: Email]
2023-07-24 00:07:245 INFO  LoginPage :49 - Entering password in 'Password' field: [[ChromeDriver: chrome on windows (77f53388c7159967d108db5a2dd9b628)] -> name: Password]
2023-07-24 00:07:442 INFO  LoginPage :54 - Clicking on 'Log in' button: [[ChromeDriver: chrome on windows (77f53388c7159967d108db5a2dd9b628)] -> xpath: //button[contains(text(),'Log in')]]
2023-07-24 00:07:358 INFO  LoginPage :64 - Verifying 'Log out' link is displayed: Proxy element for: DefaultElementLocator 'By.xpath: //a[contains(text(),'Log out')]'
2023-07-24 01:07:472 INFO  HomePage :57 - Clicking on 'Register' link: [[ChromeDriver: chrome on windows (15ac7a9653c3c3f0b315091e4bab18d7)] -> xpath: //a[contains(text(),'Register')]]
2023-07-24 01:07:362 INFO  RegisterPage :78 - Verifying 'Register' text: [[ChromeDriver: chrome on windows (15ac7a9653c3c3f0b315091e4bab18d7)] -> xpath: //h1[contains(text(),'Register')]]
2023-07-24 01:07:883 INFO  HomePage :57 - Clicking on 'Register' link: [[ChromeDriver: chrome on windows (98249ed5bd1a75816ca940eabab0e464)] -> xpath: //a[contains(text(),'Register')]]
2023-07-24 01:07:252 INFO  RegisterPage :136 - Clicking on register button: [[ChromeDriver: chrome on windows (98249ed5bd1a75816ca940eabab0e464)] -> id: register-button]
2023-07-24 01:07:424 INFO  RegisterPage :141 - Verifying first name error: [[ChromeDriver: chrome on windows (98249ed5bd1a75816ca940eabab0e464)] -> id: FirstName-error]
2023-07-24 01:07:482 INFO  RegisterPage :146 - Verifying last name error: [[ChromeDriver: chrome on windows (98249ed5bd1a75816ca940eabab0e464)] -> id: LastName]
2023-07-24 01:07:558 INFO  RegisterPage :161 - Verifying email error: [[ChromeDriver: chrome on windows (98249ed5bd1a75816ca940eabab0e464)] -> id: Email-error]
2023-07-24 01:07:606 INFO  RegisterPage :151 - Verifying password error: [[ChromeDriver: chrome on windows (98249ed5bd1a75816ca940eabab0e464)] -> id: Password-error]
2023-07-24 01:07:418 INFO  HomePage :57 - Clicking on 'Register' link: [[ChromeDriver: chrome on windows (42e5282e0c9795bf0466f2324eb54b0f)] -> xpath: //a[contains(text(),'Register')]]
2023-07-24 01:07:54 INFO  RegisterPage :78 - Verifying 'Register' text: [[ChromeDriver: chrome on windows (42e5282e0c9795bf0466f2324eb54b0f)] -> xpath: //h1[contains(text(),'Register')]]
2023-07-24 01:07:00 INFO  HomePage :57 - Clicking on 'Register' link: [[ChromeDriver: chrome on windows (9bcdd926ffcdd9232e9552c015478df1)] -> xpath: //a[contains(text(),'Register')]]
2023-07-24 01:07:560 INFO  RegisterPage :136 - Clicking on register button: [[ChromeDriver: chrome on windows (9bcdd926ffcdd9232e9552c015478df1)] -> id: register-button]
2023-07-24 01:07:709 INFO  RegisterPage :141 - Verifying first name error: [[ChromeDriver: chrome on windows (9bcdd926ffcdd9232e9552c015478df1)] -> id: FirstName-error]
2023-07-24 01:07:763 INFO  RegisterPage :146 - Verifying last name error: [[ChromeDriver: chrome on windows (9bcdd926ffcdd9232e9552c015478df1)] -> id: LastName]
2023-07-24 01:07:815 INFO  RegisterPage :161 - Verifying email error: [[ChromeDriver: chrome on windows (9bcdd926ffcdd9232e9552c015478df1)] -> id: Email-error]
2023-07-24 01:07:851 INFO  RegisterPage :151 - Verifying password error: [[ChromeDriver: chrome on windows (9bcdd926ffcdd9232e9552c015478df1)] -> id: Password-error]
2023-07-24 01:07:886 INFO  RegisterPage :156 - Verifying confirm password error: [[ChromeDriver: chrome on windows (9bcdd926ffcdd9232e9552c015478df1)] -> id: ConfirmPassword-error]
2023-07-24 02:07:570 INFO  HomePage :57 - Clicking on 'Register' link: [[ChromeDriver: chrome on windows (ed54433ea7b3b16cb5f38fed0c5958f6)] -> xpath: //a[contains(text(),'Register')]]
2023-07-24 02:07:166 INFO  RegisterPage :78 - Verifying 'Register' text: [[ChromeDriver: chrome on windows (ed54433ea7b3b16cb5f38fed0c5958f6)] -> xpath: //h1[contains(text(),'Register')]]
2023-07-24 02:07:964 INFO  HomePage :57 - Clicking on 'Register' link: [[ChromeDriver: chrome on windows (0f828d7f633c7c63ee45b95be089ba65)] -> xpath: //a[contains(text(),'Register')]]
2023-07-24 02:07:793 INFO  RegisterPage :136 - Clicking on register button: [[ChromeDriver: chrome on windows (0f828d7f633c7c63ee45b95be089ba65)] -> id: register-button]
2023-07-24 02:07:921 INFO  RegisterPage :141 - Verifying first name error: [[ChromeDriver: chrome on windows (0f828d7f633c7c63ee45b95be089ba65)] -> id: FirstName-error]
2023-07-24 02:07:977 INFO  RegisterPage :146 - Verifying last name error: [[ChromeDriver: chrome on windows (0f828d7f633c7c63ee45b95be089ba65)] -> id: LastName]
2023-07-24 02:07:39 INFO  RegisterPage :161 - Verifying email error: [[ChromeDriver: chrome on windows (0f828d7f633c7c63ee45b95be089ba65)] -> id: Email-error]
2023-07-24 02:07:84 INFO  RegisterPage :151 - Verifying password error: [[ChromeDriver: chrome on windows (0f828d7f633c7c63ee45b95be089ba65)] -> id: Password-error]
2023-07-24 02:07:154 INFO  RegisterPage :156 - Verifying confirm password error: [[ChromeDriver: chrome on windows (0f828d7f633c7c63ee45b95be089ba65)] -> id: ConfirmPassword-error]
2023-07-24 02:07:498 INFO  HomePage :57 - Clicking on 'Register' link: [[ChromeDriver: chrome on windows (74d960a04a89f1437e7f1477c564ea10)] -> xpath: //a[contains(text(),'Register')]]
2023-07-24 02:07:627 INFO  RegisterPage :83 - Verifying selecting gender: 
2023-07-24 02:07:716 INFO  RegisterPage :97 - Entering first name in 'First name' field: Mukz
2023-07-24 02:07:846 INFO  RegisterPage :102 - Entering last name in 'Last name' field: [[ChromeDriver: chrome on windows (74d960a04a89f1437e7f1477c564ea10)] -> id: LastName]
2023-07-24 02:07:947 INFO  RegisterPage :107 - Entering day in date of birth 'Day' field: [[ChromeDriver: chrome on windows (74d960a04a89f1437e7f1477c564ea10)] -> name: DateOfBirthDay]
2023-07-24 02:07:121 INFO  RegisterPage :112 - Entering month in date of birth 'Month' field: [[ChromeDriver: chrome on windows (74d960a04a89f1437e7f1477c564ea10)] -> name: DateOfBirthMonth]
2023-07-24 02:07:247 INFO  RegisterPage :117 - Entering year in date of birth 'Year' field: [[ChromeDriver: chrome on windows (74d960a04a89f1437e7f1477c564ea10)] -> name: DateOfBirthMonth]
2023-07-24 02:07:406 INFO  RegisterPage :121 - Entering email in 'Email' field: [[ChromeDriver: chrome on windows (74d960a04a89f1437e7f1477c564ea10)] -> id: Email]
2023-07-24 02:07:514 INFO  RegisterPage :126 - Entering password in 'Password' field: [[ChromeDriver: chrome on windows (74d960a04a89f1437e7f1477c564ea10)] -> id: Password]
2023-07-24 02:07:630 INFO  RegisterPage :131 - Confirming password in 'Confirm password' field: [[ChromeDriver: chrome on windows (74d960a04a89f1437e7f1477c564ea10)] -> id: ConfirmPassword]
2023-07-24 02:07:815 INFO  LoginPage :54 - Clicking on 'Log in' button: Proxy element for: DefaultElementLocator 'By.xpath: //button[contains(text(),'Log in')]'
2023-07-24 02:07:854 INFO  HomePage :57 - Clicking on 'Register' link: [[ChromeDriver: chrome on windows (4d8ac18380b1de4876500d7ea4563691)] -> xpath: //a[contains(text(),'Register')]]
2023-07-24 02:07:108 INFO  RegisterPage :83 - Verifying selecting gender: 
2023-07-24 02:07:226 INFO  RegisterPage :97 - Entering first name in 'First name' field: Mukz
2023-07-24 02:07:553 INFO  RegisterPage :102 - Entering last name in 'Last name' field: [[ChromeDriver: chrome on windows (4d8ac18380b1de4876500d7ea4563691)] -> id: LastName]
2023-07-24 02:07:682 INFO  RegisterPage :107 - Entering day in date of birth 'Day' field: [[ChromeDriver: chrome on windows (4d8ac18380b1de4876500d7ea4563691)] -> name: DateOfBirthDay]
2023-07-24 02:07:889 INFO  RegisterPage :112 - Entering month in date of birth 'Month' field: [[ChromeDriver: chrome on windows (4d8ac18380b1de4876500d7ea4563691)] -> name: DateOfBirthMonth]
2023-07-24 02:07:149 INFO  RegisterPage :117 - Entering year in date of birth 'Year' field: [[ChromeDriver: chrome on windows (4d8ac18380b1de4876500d7ea4563691)] -> name: DateOfBirthMonth]
2023-07-24 02:07:320 INFO  RegisterPage :121 - Entering email in 'Email' field: [[ChromeDriver: chrome on windows (4d8ac18380b1de4876500d7ea4563691)] -> id: Email]
2023-07-24 02:07:446 INFO  RegisterPage :126 - Entering password in 'Password' field: [[ChromeDriver: chrome on windows (4d8ac18380b1de4876500d7ea4563691)] -> id: Password]
2023-07-24 02:07:569 INFO  RegisterPage :131 - Confirming password in 'Confirm password' field: [[ChromeDriver: chrome on windows (4d8ac18380b1de4876500d7ea4563691)] -> id: ConfirmPassword]
2023-07-24 02:07:19 INFO  HomePage :57 - Clicking on 'Register' link: [[ChromeDriver: chrome on windows (0a50e6f1b9a852d1fa873cff98a5216c)] -> xpath: //a[contains(text(),'Register')]]
2023-07-24 02:07:37 INFO  RegisterPage :78 - Verifying 'Register' text: [[ChromeDriver: chrome on windows (0a50e6f1b9a852d1fa873cff98a5216c)] -> xpath: //h1[contains(text(),'Register')]]
2023-07-24 02:07:100 INFO  HomePage :57 - Clicking on 'Register' link: [[ChromeDriver: chrome on windows (178ac9631dcefab681e9fc5cf8bd7455)] -> xpath: //a[contains(text(),'Register')]]
2023-07-24 02:07:617 INFO  RegisterPage :136 - Clicking on register button: [[ChromeDriver: chrome on windows (178ac9631dcefab681e9fc5cf8bd7455)] -> id: register-button]
2023-07-24 02:07:815 INFO  RegisterPage :141 - Verifying first name error: [[ChromeDriver: chrome on windows (178ac9631dcefab681e9fc5cf8bd7455)] -> id: FirstName-error]
2023-07-24 02:07:885 INFO  RegisterPage :146 - Verifying last name error: [[ChromeDriver: chrome on windows (178ac9631dcefab681e9fc5cf8bd7455)] -> id: LastName]
2023-07-24 02:07:967 INFO  RegisterPage :161 - Verifying email error: [[ChromeDriver: chrome on windows (178ac9631dcefab681e9fc5cf8bd7455)] -> id: Email-error]
2023-07-24 02:07:26 INFO  RegisterPage :151 - Verifying password error: [[ChromeDriver: chrome on windows (178ac9631dcefab681e9fc5cf8bd7455)] -> id: Password-error]
2023-07-24 02:07:89 INFO  RegisterPage :156 - Verifying confirm password error: [[ChromeDriver: chrome on windows (178ac9631dcefab681e9fc5cf8bd7455)] -> id: ConfirmPassword-error]
2023-07-24 02:07:321 INFO  HomePage :57 - Clicking on 'Register' link: [[ChromeDriver: chrome on windows (5899f1e544a346c00d97a2f8222e6c79)] -> xpath: //a[contains(text(),'Register')]]
2023-07-24 02:07:945 INFO  RegisterPage :83 - Verifying selecting gender: 
2023-07-24 02:07:67 INFO  RegisterPage :97 - Entering first name in 'First name' field: Mukz
2023-07-24 02:07:276 INFO  RegisterPage :102 - Entering last name in 'Last name' field: [[ChromeDriver: chrome on windows (5899f1e544a346c00d97a2f8222e6c79)] -> id: LastName]
2023-07-24 02:07:419 INFO  RegisterPage :107 - Entering day in date of birth 'Day' field: [[ChromeDriver: chrome on windows (5899f1e544a346c00d97a2f8222e6c79)] -> name: DateOfBirthDay]
2023-07-24 02:07:641 INFO  RegisterPage :112 - Entering month in date of birth 'Month' field: [[ChromeDriver: chrome on windows (5899f1e544a346c00d97a2f8222e6c79)] -> name: DateOfBirthMonth]
2023-07-24 02:07:822 INFO  RegisterPage :117 - Entering year in date of birth 'Year' field: [[ChromeDriver: chrome on windows (5899f1e544a346c00d97a2f8222e6c79)] -> name: DateOfBirthMonth]
2023-07-24 02:07:18 INFO  RegisterPage :121 - Entering email in 'Email' field: [[ChromeDriver: chrome on windows (5899f1e544a346c00d97a2f8222e6c79)] -> id: Email]
2023-07-24 02:07:193 INFO  RegisterPage :126 - Entering password in 'Password' field: [[ChromeDriver: chrome on windows (5899f1e544a346c00d97a2f8222e6c79)] -> id: Password]
2023-07-24 02:07:360 INFO  RegisterPage :131 - Confirming password in 'Confirm password' field: [[ChromeDriver: chrome on windows (5899f1e544a346c00d97a2f8222e6c79)] -> id: ConfirmPassword]
2023-07-24 02:07:518 INFO  RegisterPage :136 - Clicking on register button: [[ChromeDriver: chrome on windows (5899f1e544a346c00d97a2f8222e6c79)] -> id: register-button]
2023-07-24 02:07:440 INFO  RegisterPage :166 - Verifying registration complete message: [[ChromeDriver: chrome on windows (5899f1e544a346c00d97a2f8222e6c79)] -> xpath: //div[contains(text(),'Your registration completed')]]
2023-07-24 12:07:29 INFO  HomePage :42 - Selecting option from top menu: [[[ChromeDriver: chrome on windows (579587607a92d178a659781478e1d4a3)] -> xpath: //ul[@class = 'top-menu notmobile']/li], [[ChromeDriver: chrome on windows (579587607a92d178a659781478e1d4a3)] -> xpath: //ul[@class = 'top-menu notmobile']/li], [[ChromeDriver: chrome on windows (579587607a92d178a659781478e1d4a3)] -> xpath: //ul[@class = 'top-menu notmobile']/li], [[ChromeDriver: chrome on windows (579587607a92d178a659781478e1d4a3)] -> xpath: //ul[@class = 'top-menu notmobile']/li], [[ChromeDriver: chrome on windows (579587607a92d178a659781478e1d4a3)] -> xpath: //ul[@class = 'top-menu notmobile']/li], [[ChromeDriver: chrome on windows (579587607a92d178a659781478e1d4a3)] -> xpath: //ul[@class = 'top-menu notmobile']/li], [[ChromeDriver: chrome on windows (579587607a92d178a659781478e1d4a3)] -> xpath: //ul[@class = 'top-menu notmobile']/li]]
2023-07-24 12:07:475 INFO  ComputerPage :33 - Verifying 'Computers' text: [[ChromeDriver: chrome on windows (579587607a92d178a659781478e1d4a3)] -> xpath: //h1[contains(text(),'Computers')]]
2023-07-24 13:07:827 INFO  HomePage :57 - Clicking on 'Register' link: [[ChromeDriver: chrome on windows (5d988f3e0a26d2920e1197ec24a8b9b9)] -> xpath: //a[contains(text(),'Register')]]
2023-07-24 13:07:673 INFO  RegisterPage :78 - Verifying 'Register' text: [[ChromeDriver: chrome on windows (5d988f3e0a26d2920e1197ec24a8b9b9)] -> xpath: //h1[contains(text(),'Register')]]
2023-07-24 13:07:736 INFO  HomePage :57 - Clicking on 'Register' link: [[ChromeDriver: chrome on windows (8ff970821969a01c9947026002366cc1)] -> xpath: //a[contains(text(),'Register')]]
2023-07-24 13:07:545 INFO  RegisterPage :136 - Clicking on register button: [[ChromeDriver: chrome on windows (8ff970821969a01c9947026002366cc1)] -> id: register-button]
2023-07-24 13:07:621 INFO  RegisterPage :141 - Verifying first name error: [[ChromeDriver: chrome on windows (8ff970821969a01c9947026002366cc1)] -> id: FirstName-error]
2023-07-24 13:07:649 INFO  RegisterPage :146 - Verifying last name error: [[ChromeDriver: chrome on windows (8ff970821969a01c9947026002366cc1)] -> id: LastName]
2023-07-24 13:07:677 INFO  RegisterPage :161 - Verifying email error: [[ChromeDriver: chrome on windows (8ff970821969a01c9947026002366cc1)] -> id: Email-error]
2023-07-24 13:07:698 INFO  RegisterPage :151 - Verifying password error: [[ChromeDriver: chrome on windows (8ff970821969a01c9947026002366cc1)] -> id: Password-error]
2023-07-24 13:07:718 INFO  RegisterPage :156 - Verifying confirm password error: [[ChromeDriver: chrome on windows (8ff970821969a01c9947026002366cc1)] -> id: ConfirmPassword-error]
2023-07-24 13:07:513 INFO  HomePage :57 - Clicking on 'Register' link: [[ChromeDriver: chrome on windows (7116b07975634bf08f117f55c60ea40e)] -> xpath: //a[contains(text(),'Register')]]
2023-07-24 13:07:330 INFO  RegisterPage :83 - Verifying selecting gender: 
2023-07-24 13:07:386 INFO  RegisterPage :97 - Entering first name in 'First name' field: Mukz
2023-07-24 13:07:470 INFO  RegisterPage :102 - Entering last name in 'Last name' field: [[ChromeDriver: chrome on windows (7116b07975634bf08f117f55c60ea40e)] -> id: LastName]
2023-07-24 13:07:526 INFO  RegisterPage :107 - Entering day in date of birth 'Day' field: [[ChromeDriver: chrome on windows (7116b07975634bf08f117f55c60ea40e)] -> name: DateOfBirthDay]
2023-07-24 13:07:637 INFO  RegisterPage :112 - Entering month in date of birth 'Month' field: [[ChromeDriver: chrome on windows (7116b07975634bf08f117f55c60ea40e)] -> name: DateOfBirthMonth]
2023-07-24 13:07:717 INFO  RegisterPage :117 - Entering year in date of birth 'Year' field: [[ChromeDriver: chrome on windows (7116b07975634bf08f117f55c60ea40e)] -> name: DateOfBirthMonth]
2023-07-24 13:07:796 INFO  RegisterPage :121 - Entering email in 'Email' field: [[ChromeDriver: chrome on windows (7116b07975634bf08f117f55c60ea40e)] -> id: Email]
2023-07-24 13:07:868 INFO  RegisterPage :126 - Entering password in 'Password' field: [[ChromeDriver: chrome on windows (7116b07975634bf08f117f55c60ea40e)] -> id: Password]
2023-07-24 13:07:973 INFO  RegisterPage :131 - Confirming password in 'Confirm password' field: [[ChromeDriver: chrome on windows (7116b07975634bf08f117f55c60ea40e)] -> id: ConfirmPassword]
2023-07-24 13:07:32 INFO  RegisterPage :136 - Clicking on register button: [[ChromeDriver: chrome on windows (7116b07975634bf08f117f55c60ea40e)] -> id: register-button]
2023-07-24 13:07:661 INFO  RegisterPage :166 - Verifying registration complete message: [[ChromeDriver: chrome on windows (7116b07975634bf08f117f55c60ea40e)] -> xpath: //div[contains(text(),'Your registration completed')]]
2023-07-24 13:07:07 INFO  HomePage :42 - Selecting option from top menu: [[[ChromeDriver: chrome on windows (3d6f56db585cf96a4aad182f4bb092a3)] -> xpath: //ul[@class = 'top-menu notmobile']/li], [[ChromeDriver: chrome on windows (3d6f56db585cf96a4aad182f4bb092a3)] -> xpath: //ul[@class = 'top-menu notmobile']/li], [[ChromeDriver: chrome on windows (3d6f56db585cf96a4aad182f4bb092a3)] -> xpath: //ul[@class = 'top-menu notmobile']/li], [[ChromeDriver: chrome on windows (3d6f56db585cf96a4aad182f4bb092a3)] -> xpath: //ul[@class = 'top-menu notmobile']/li], [[ChromeDriver: chrome on windows (3d6f56db585cf96a4aad182f4bb092a3)] -> xpath: //ul[@class = 'top-menu notmobile']/li], [[ChromeDriver: chrome on windows (3d6f56db585cf96a4aad182f4bb092a3)] -> xpath: //ul[@class = 'top-menu notmobile']/li], [[ChromeDriver: chrome on windows (3d6f56db585cf96a4aad182f4bb092a3)] -> xpath: //ul[@class = 'top-menu notmobile']/li]]
2023-07-24 13:07:912 INFO  ComputerPage :33 - Verifying 'Computers' text: [[ChromeDriver: chrome on windows (3d6f56db585cf96a4aad182f4bb092a3)] -> xpath: //h1[contains(text(),'Computers')]]
2023-07-24 13:07:583 INFO  HomePage :42 - Selecting option from top menu: [[[ChromeDriver: chrome on windows (90ac7eb3015e739a498121cdaaa8a192)] -> xpath: //ul[@class = 'top-menu notmobile']/li], [[ChromeDriver: chrome on windows (90ac7eb3015e739a498121cdaaa8a192)] -> xpath: //ul[@class = 'top-menu notmobile']/li], [[ChromeDriver: chrome on windows (90ac7eb3015e739a498121cdaaa8a192)] -> xpath: //ul[@class = 'top-menu notmobile']/li], [[ChromeDriver: chrome on windows (90ac7eb3015e739a498121cdaaa8a192)] -> xpath: //ul[@class = 'top-menu notmobile']/li], [[ChromeDriver: chrome on windows (90ac7eb3015e739a498121cdaaa8a192)] -> xpath: //ul[@class = 'top-menu notmobile']/li], [[ChromeDriver: chrome on windows (90ac7eb3015e739a498121cdaaa8a192)] -> xpath: //ul[@class = 'top-menu notmobile']/li], [[ChromeDriver: chrome on windows (90ac7eb3015e739a498121cdaaa8a192)] -> xpath: //ul[@class = 'top-menu notmobile']/li]]
2023-07-24 13:07:435 INFO  ComputerPage :38 - Selecting from sublist: 
2023-07-24 13:07:679 INFO  DesktopsPage :36 - Verifying 'Desktops' text: [[ChromeDriver: chrome on windows (90ac7eb3015e739a498121cdaaa8a192)] -> xpath: //h1[contains(text(),'Desktops')]]
2023-07-24 13:07:545 INFO  HomePage :42 - Selecting option from top menu: [[[ChromeDriver: chrome on windows (a6113201710ae570b62a70078f4df95b)] -> xpath: //ul[@class = 'top-menu notmobile']/li], [[ChromeDriver: chrome on windows (a6113201710ae570b62a70078f4df95b)] -> xpath: //ul[@class = 'top-menu notmobile']/li], [[ChromeDriver: chrome on windows (a6113201710ae570b62a70078f4df95b)] -> xpath: //ul[@class = 'top-menu notmobile']/li], [[ChromeDriver: chrome on windows (a6113201710ae570b62a70078f4df95b)] -> xpath: //ul[@class = 'top-menu notmobile']/li], [[ChromeDriver: chrome on windows (a6113201710ae570b62a70078f4df95b)] -> xpath: //ul[@class = 'top-menu notmobile']/li], [[ChromeDriver: chrome on windows (a6113201710ae570b62a70078f4df95b)] -> xpath: //ul[@class = 'top-menu notmobile']/li], [[ChromeDriver: chrome on windows (a6113201710ae570b62a70078f4df95b)] -> xpath: //ul[@class = 'top-menu notmobile']/li]]
2023-07-24 13:07:447 INFO  ComputerPage :38 - Selecting from sublist: 
2023-07-24 13:07:874 INFO  HomePage :42 - Selecting option from top menu: [[[ChromeDriver: chrome on windows (a50a1c1381b4941a7d04693428a47a3a)] -> xpath: //ul[@class = 'top-menu notmobile']/li], [[ChromeDriver: chrome on windows (a50a1c1381b4941a7d04693428a47a3a)] -> xpath: //ul[@class = 'top-menu notmobile']/li], [[ChromeDriver: chrome on windows (a50a1c1381b4941a7d04693428a47a3a)] -> xpath: //ul[@class = 'top-menu notmobile']/li], [[ChromeDriver: chrome on windows (a50a1c1381b4941a7d04693428a47a3a)] -> xpath: //ul[@class = 'top-menu notmobile']/li], [[ChromeDriver: chrome on windows (a50a1c1381b4941a7d04693428a47a3a)] -> xpath: //ul[@class = 'top-menu notmobile']/li], [[ChromeDriver: chrome on windows (a50a1c1381b4941a7d04693428a47a3a)] -> xpath: //ul[@class = 'top-menu notmobile']/li], [[ChromeDriver: chrome on windows (a50a1c1381b4941a7d04693428a47a3a)] -> xpath: //ul[@class = 'top-menu notmobile']/li]]
2023-07-24 13:07:814 INFO  ComputerPage :38 - Selecting from sublist: 
2023-07-24 13:07:19 INFO  HomePage :42 - Selecting option from top menu: [[[ChromeDriver: chrome on windows (a2ed71a5c7ab1efda9e96773e1d07e3e)] -> xpath: //ul[@class = 'top-menu notmobile']/li], [[ChromeDriver: chrome on windows (a2ed71a5c7ab1efda9e96773e1d07e3e)] -> xpath: //ul[@class = 'top-menu notmobile']/li], [[ChromeDriver: chrome on windows (a2ed71a5c7ab1efda9e96773e1d07e3e)] -> xpath: //ul[@class = 'top-menu notmobile']/li], [[ChromeDriver: chrome on windows (a2ed71a5c7ab1efda9e96773e1d07e3e)] -> xpath: //ul[@class = 'top-menu notmobile']/li], [[ChromeDriver: chrome on windows (a2ed71a5c7ab1efda9e96773e1d07e3e)] -> xpath: //ul[@class = 'top-menu notmobile']/li], [[ChromeDriver: chrome on windows (a2ed71a5c7ab1efda9e96773e1d07e3e)] -> xpath: //ul[@class = 'top-menu notmobile']/li], [[ChromeDriver: chrome on windows (a2ed71a5c7ab1efda9e96773e1d07e3e)] -> xpath: //ul[@class = 'top-menu notmobile']/li]]
2023-07-24 13:07:942 INFO  ComputerPage :38 - Selecting from sublist: 
2023-07-24 13:07:986 INFO  HomePage :52 - Clicking on 'Log in'' link: [[ChromeDriver: chrome on windows (a30a077101c84f36c7a852ed79560f9f)] -> xpath: //a[contains(text(),'Log in')]]
2023-07-24 13:07:838 INFO  LoginPage :39 - Verifying 'Welcome, Please Sign In!' text: [[ChromeDriver: chrome on windows (a30a077101c84f36c7a852ed79560f9f)] -> xpath: //h1[contains(text(),'Welcome, Please Sign In!')]]
2023-07-24 13:07:501 INFO  HomePage :52 - Clicking on 'Log in'' link: [[ChromeDriver: chrome on windows (4861ee390446174bc87d881d24bcab1a)] -> xpath: //a[contains(text(),'Log in')]]
2023-07-24 13:07:308 INFO  LoginPage :44 - Entering email in 'Email' field: [[ChromeDriver: chrome on windows (4861ee390446174bc87d881d24bcab1a)] -> id: Email]
2023-07-24 13:07:381 INFO  LoginPage :49 - Entering password in 'Password' field: [[ChromeDriver: chrome on windows (4861ee390446174bc87d881d24bcab1a)] -> name: Password]
2023-07-24 13:07:452 INFO  LoginPage :54 - Clicking on 'Log in' button: [[ChromeDriver: chrome on windows (4861ee390446174bc87d881d24bcab1a)] -> xpath: //button[contains(text(),'Log in')]]
2023-07-24 13:07:753 INFO  LoginPage :59 - Verifying error message: [[ChromeDriver: chrome on windows (4861ee390446174bc87d881d24bcab1a)] -> xpath: //div[@class='message-error validation-summary-errors']]
2023-07-24 13:07:451 INFO  HomePage :52 - Clicking on 'Log in'' link: [[ChromeDriver: chrome on windows (0014c716976dd49b20c56452f86dc7e5)] -> xpath: //a[contains(text(),'Log in')]]
2023-07-24 13:07:827 INFO  LoginPage :44 - Entering email in 'Email' field: [[ChromeDriver: chrome on windows (0014c716976dd49b20c56452f86dc7e5)] -> id: Email]
2023-07-24 13:07:901 INFO  LoginPage :49 - Entering password in 'Password' field: [[ChromeDriver: chrome on windows (0014c716976dd49b20c56452f86dc7e5)] -> name: Password]
2023-07-24 13:07:978 INFO  LoginPage :54 - Clicking on 'Log in' button: [[ChromeDriver: chrome on windows (0014c716976dd49b20c56452f86dc7e5)] -> xpath: //button[contains(text(),'Log in')]]
2023-07-24 13:07:523 INFO  LoginPage :64 - Verifying 'Log out' link is displayed: [[ChromeDriver: chrome on windows (0014c716976dd49b20c56452f86dc7e5)] -> xpath: //a[contains(text(),'Log out')]]
2023-07-24 13:07:864 INFO  HomePage :52 - Clicking on 'Log in'' link: [[ChromeDriver: chrome on windows (ee694bc131b430669bae4da3ce28c69d)] -> xpath: //a[contains(text(),'Log in')]]
2023-07-24 13:07:680 INFO  LoginPage :44 - Entering email in 'Email' field: [[ChromeDriver: chrome on windows (ee694bc131b430669bae4da3ce28c69d)] -> id: Email]
2023-07-24 13:07:746 INFO  LoginPage :49 - Entering password in 'Password' field: [[ChromeDriver: chrome on windows (ee694bc131b430669bae4da3ce28c69d)] -> name: Password]
2023-07-24 13:07:815 INFO  LoginPage :54 - Clicking on 'Log in' button: [[ChromeDriver: chrome on windows (ee694bc131b430669bae4da3ce28c69d)] -> xpath: //button[contains(text(),'Log in')]]
2023-07-24 13:07:369 INFO  LoginPage :69 - Clicking on 'Log out' link: [[ChromeDriver: chrome on windows (ee694bc131b430669bae4da3ce28c69d)] -> xpath: //a[contains(text(),'Log out')]]
2023-07-24 13:07:921 INFO  HomePage :72 - Verifying 'Log in' link is displayed: [[ChromeDriver: chrome on windows (ee694bc131b430669bae4da3ce28c69d)] -> xpath: //a[contains(text(),'Log in')]]
2023-07-24 13:07:277 INFO  HomePage :57 - Clicking on 'Register' link: [[ChromeDriver: chrome on windows (1481ff2690a731c825464566840a4bf2)] -> xpath: //a[contains(text(),'Register')]]
2023-07-24 13:07:116 INFO  RegisterPage :78 - Verifying 'Register' text: [[ChromeDriver: chrome on windows (1481ff2690a731c825464566840a4bf2)] -> xpath: //h1[contains(text(),'Register')]]
2023-07-24 13:07:956 INFO  HomePage :57 - Clicking on 'Register' link: [[ChromeDriver: chrome on windows (94a1af597c44ce0de76de502a5a2b734)] -> xpath: //a[contains(text(),'Register')]]
2023-07-24 13:07:376 INFO  RegisterPage :136 - Clicking on register button: [[ChromeDriver: chrome on windows (94a1af597c44ce0de76de502a5a2b734)] -> id: register-button]
2023-07-24 13:07:436 INFO  RegisterPage :141 - Verifying first name error: [[ChromeDriver: chrome on windows (94a1af597c44ce0de76de502a5a2b734)] -> id: FirstName-error]
2023-07-24 13:07:462 INFO  RegisterPage :146 - Verifying last name error: [[ChromeDriver: chrome on windows (94a1af597c44ce0de76de502a5a2b734)] -> id: LastName]
2023-07-24 13:07:494 INFO  RegisterPage :161 - Verifying email error: [[ChromeDriver: chrome on windows (94a1af597c44ce0de76de502a5a2b734)] -> id: Email-error]
2023-07-24 13:07:518 INFO  RegisterPage :151 - Verifying password error: [[ChromeDriver: chrome on windows (94a1af597c44ce0de76de502a5a2b734)] -> id: Password-error]
2023-07-24 13:07:539 INFO  RegisterPage :156 - Verifying confirm password error: [[ChromeDriver: chrome on windows (94a1af597c44ce0de76de502a5a2b734)] -> id: ConfirmPassword-error]
2023-07-24 13:07:437 INFO  HomePage :57 - Clicking on 'Register' link: [[ChromeDriver: chrome on windows (cc31257e0621e54784954d90f4a2186b)] -> xpath: //a[contains(text(),'Register')]]
2023-07-24 13:07:229 INFO  RegisterPage :83 - Verifying selecting gender: 
2023-07-24 13:07:289 INFO  RegisterPage :97 - Entering first name in 'First name' field: Mukz
2023-07-24 13:07:370 INFO  RegisterPage :102 - Entering last name in 'Last name' field: [[ChromeDriver: chrome on windows (cc31257e0621e54784954d90f4a2186b)] -> id: LastName]
2023-07-24 13:07:440 INFO  RegisterPage :107 - Entering day in date of birth 'Day' field: [[ChromeDriver: chrome on windows (cc31257e0621e54784954d90f4a2186b)] -> name: DateOfBirthDay]
2023-07-24 13:07:533 INFO  RegisterPage :112 - Entering month in date of birth 'Month' field: [[ChromeDriver: chrome on windows (cc31257e0621e54784954d90f4a2186b)] -> name: DateOfBirthMonth]
2023-07-24 13:07:608 INFO  RegisterPage :117 - Entering year in date of birth 'Year' field: [[ChromeDriver: chrome on windows (cc31257e0621e54784954d90f4a2186b)] -> name: DateOfBirthMonth]
2023-07-24 13:07:702 INFO  RegisterPage :121 - Entering email in 'Email' field: [[ChromeDriver: chrome on windows (cc31257e0621e54784954d90f4a2186b)] -> id: Email]
2023-07-24 13:07:782 INFO  RegisterPage :126 - Entering password in 'Password' field: [[ChromeDriver: chrome on windows (cc31257e0621e54784954d90f4a2186b)] -> id: Password]
2023-07-24 13:07:846 INFO  RegisterPage :131 - Confirming password in 'Confirm password' field: [[ChromeDriver: chrome on windows (cc31257e0621e54784954d90f4a2186b)] -> id: ConfirmPassword]
2023-07-24 13:07:915 INFO  RegisterPage :136 - Clicking on register button: [[ChromeDriver: chrome on windows (cc31257e0621e54784954d90f4a2186b)] -> id: register-button]
2023-07-24 13:07:63 INFO  RegisterPage :166 - Verifying registration complete message: Proxy element for: DefaultElementLocator 'By.xpath: //div[contains(text(),'Your registration completed')]'
2023-07-24 13:07:104 INFO  HomePage :42 - Selecting option from top menu: [[[ChromeDriver: chrome on windows (a1433b760f670a8292311e8a70b9453a)] -> xpath: //ul[@class = 'top-menu notmobile']/li], [[ChromeDriver: chrome on windows (a1433b760f670a8292311e8a70b9453a)] -> xpath: //ul[@class = 'top-menu notmobile']/li], [[ChromeDriver: chrome on windows (a1433b760f670a8292311e8a70b9453a)] -> xpath: //ul[@class = 'top-menu notmobile']/li], [[ChromeDriver: chrome on windows (a1433b760f670a8292311e8a70b9453a)] -> xpath: //ul[@class = 'top-menu notmobile']/li], [[ChromeDriver: chrome on windows (a1433b760f670a8292311e8a70b9453a)] -> xpath: //ul[@class = 'top-menu notmobile']/li], [[ChromeDriver: chrome on windows (a1433b760f670a8292311e8a70b9453a)] -> xpath: //ul[@class = 'top-menu notmobile']/li], [[ChromeDriver: chrome on windows (a1433b760f670a8292311e8a70b9453a)] -> xpath: //ul[@class = 'top-menu notmobile']/li]]
2023-07-24 13:07:587 INFO  ComputerPage :33 - Verifying 'Computers' text: [[ChromeDriver: chrome on windows (a1433b760f670a8292311e8a70b9453a)] -> xpath: //h1[contains(text(),'Computers')]]
2023-07-24 13:07:383 INFO  HomePage :42 - Selecting option from top menu: [[[ChromeDriver: chrome on windows (a70a7f0fcd615294ffca929c803c3bb6)] -> xpath: //ul[@class = 'top-menu notmobile']/li], [[ChromeDriver: chrome on windows (a70a7f0fcd615294ffca929c803c3bb6)] -> xpath: //ul[@class = 'top-menu notmobile']/li], [[ChromeDriver: chrome on windows (a70a7f0fcd615294ffca929c803c3bb6)] -> xpath: //ul[@class = 'top-menu notmobile']/li], [[ChromeDriver: chrome on windows (a70a7f0fcd615294ffca929c803c3bb6)] -> xpath: //ul[@class = 'top-menu notmobile']/li], [[ChromeDriver: chrome on windows (a70a7f0fcd615294ffca929c803c3bb6)] -> xpath: //ul[@class = 'top-menu notmobile']/li], [[ChromeDriver: chrome on windows (a70a7f0fcd615294ffca929c803c3bb6)] -> xpath: //ul[@class = 'top-menu notmobile']/li], [[ChromeDriver: chrome on windows (a70a7f0fcd615294ffca929c803c3bb6)] -> xpath: //ul[@class = 'top-menu notmobile']/li]]
2023-07-24 13:07:852 INFO  ComputerPage :38 - Selecting from sublist: 
2023-07-24 13:07:209 INFO  DesktopsPage :36 - Verifying 'Desktops' text: [[ChromeDriver: chrome on windows (a70a7f0fcd615294ffca929c803c3bb6)] -> xpath: //h1[contains(text(),'Desktops')]]
2023-07-24 13:07:925 INFO  HomePage :42 - Selecting option from top menu: [[[ChromeDriver: chrome on windows (a261a83e60fd0fd46b71814cb8185fac)] -> xpath: //ul[@class = 'top-menu notmobile']/li], [[ChromeDriver: chrome on windows (a261a83e60fd0fd46b71814cb8185fac)] -> xpath: //ul[@class = 'top-menu notmobile']/li], [[ChromeDriver: chrome on windows (a261a83e60fd0fd46b71814cb8185fac)] -> xpath: //ul[@class = 'top-menu notmobile']/li], [[ChromeDriver: chrome on windows (a261a83e60fd0fd46b71814cb8185fac)] -> xpath: //ul[@class = 'top-menu notmobile']/li], [[ChromeDriver: chrome on windows (a261a83e60fd0fd46b71814cb8185fac)] -> xpath: //ul[@class = 'top-menu notmobile']/li], [[ChromeDriver: chrome on windows (a261a83e60fd0fd46b71814cb8185fac)] -> xpath: //ul[@class = 'top-menu notmobile']/li], [[ChromeDriver: chrome on windows (a261a83e60fd0fd46b71814cb8185fac)] -> xpath: //ul[@class = 'top-menu notmobile']/li]]
2023-07-24 13:07:810 INFO  ComputerPage :38 - Selecting from sublist: 
2023-07-24 13:07:805 INFO  HomePage :42 - Selecting option from top menu: [[[ChromeDriver: chrome on windows (f4c2a1d4820d77782c87430f8c3e661c)] -> xpath: //ul[@class = 'top-menu notmobile']/li], [[ChromeDriver: chrome on windows (f4c2a1d4820d77782c87430f8c3e661c)] -> xpath: //ul[@class = 'top-menu notmobile']/li], [[ChromeDriver: chrome on windows (f4c2a1d4820d77782c87430f8c3e661c)] -> xpath: //ul[@class = 'top-menu notmobile']/li], [[ChromeDriver: chrome on windows (f4c2a1d4820d77782c87430f8c3e661c)] -> xpath: //ul[@class = 'top-menu notmobile']/li], [[ChromeDriver: chrome on windows (f4c2a1d4820d77782c87430f8c3e661c)] -> xpath: //ul[@class = 'top-menu notmobile']/li], [[ChromeDriver: chrome on windows (f4c2a1d4820d77782c87430f8c3e661c)] -> xpath: //ul[@class = 'top-menu notmobile']/li], [[ChromeDriver: chrome on windows (f4c2a1d4820d77782c87430f8c3e661c)] -> xpath: //ul[@class = 'top-menu notmobile']/li]]
2023-07-24 13:07:247 INFO  ComputerPage :38 - Selecting from sublist: 
2023-07-24 13:07:234 INFO  HomePage :42 - Selecting option from top menu: [[[ChromeDriver: chrome on windows (04e6ca03ce844fa41d13289ce99a3736)] -> xpath: //ul[@class = 'top-menu notmobile']/li], [[ChromeDriver: chrome on windows (04e6ca03ce844fa41d13289ce99a3736)] -> xpath: //ul[@class = 'top-menu notmobile']/li], [[ChromeDriver: chrome on windows (04e6ca03ce844fa41d13289ce99a3736)] -> xpath: //ul[@class = 'top-menu notmobile']/li], [[ChromeDriver: chrome on windows (04e6ca03ce844fa41d13289ce99a3736)] -> xpath: //ul[@class = 'top-menu notmobile']/li], [[ChromeDriver: chrome on windows (04e6ca03ce844fa41d13289ce99a3736)] -> xpath: //ul[@class = 'top-menu notmobile']/li], [[ChromeDriver: chrome on windows (04e6ca03ce844fa41d13289ce99a3736)] -> xpath: //ul[@class = 'top-menu notmobile']/li], [[ChromeDriver: chrome on windows (04e6ca03ce844fa41d13289ce99a3736)] -> xpath: //ul[@class = 'top-menu notmobile']/li]]
2023-07-24 13:07:677 INFO  ComputerPage :38 - Selecting from sublist: 
2023-07-24 13:07:289 INFO  HomePage :42 - Selecting option from top menu: [[[ChromeDriver: chrome on windows (8af84251c3b96b34c3ec079241f9120b)] -> xpath: //ul[@class = 'top-menu notmobile']/li], [[ChromeDriver: chrome on windows (8af84251c3b96b34c3ec079241f9120b)] -> xpath: //ul[@class = 'top-menu notmobile']/li], [[ChromeDriver: chrome on windows (8af84251c3b96b34c3ec079241f9120b)] -> xpath: //ul[@class = 'top-menu notmobile']/li], [[ChromeDriver: chrome on windows (8af84251c3b96b34c3ec079241f9120b)] -> xpath: //ul[@class = 'top-menu notmobile']/li], [[ChromeDriver: chrome on windows (8af84251c3b96b34c3ec079241f9120b)] -> xpath: //ul[@class = 'top-menu notmobile']/li], [[ChromeDriver: chrome on windows (8af84251c3b96b34c3ec079241f9120b)] -> xpath: //ul[@class = 'top-menu notmobile']/li], [[ChromeDriver: chrome on windows (8af84251c3b96b34c3ec079241f9120b)] -> xpath: //ul[@class = 'top-menu notmobile']/li]]
2023-07-24 13:07:172 INFO  ComputerPage :33 - Verifying 'Computers' text: [[ChromeDriver: chrome on windows (8af84251c3b96b34c3ec079241f9120b)] -> xpath: //h1[contains(text(),'Computers')]]
2023-07-24 13:07:16 INFO  HomePage :42 - Selecting option from top menu: [[[ChromeDriver: chrome on windows (fa987811c6528a6fb0ed50f75bd0be76)] -> xpath: //ul[@class = 'top-menu notmobile']/li], [[ChromeDriver: chrome on windows (fa987811c6528a6fb0ed50f75bd0be76)] -> xpath: //ul[@class = 'top-menu notmobile']/li], [[ChromeDriver: chrome on windows (fa987811c6528a6fb0ed50f75bd0be76)] -> xpath: //ul[@class = 'top-menu notmobile']/li], [[ChromeDriver: chrome on windows (fa987811c6528a6fb0ed50f75bd0be76)] -> xpath: //ul[@class = 'top-menu notmobile']/li], [[ChromeDriver: chrome on windows (fa987811c6528a6fb0ed50f75bd0be76)] -> xpath: //ul[@class = 'top-menu notmobile']/li], [[ChromeDriver: chrome on windows (fa987811c6528a6fb0ed50f75bd0be76)] -> xpath: //ul[@class = 'top-menu notmobile']/li], [[ChromeDriver: chrome on windows (fa987811c6528a6fb0ed50f75bd0be76)] -> xpath: //ul[@class = 'top-menu notmobile']/li]]
2023-07-24 13:07:901 INFO  ComputerPage :38 - Selecting from sublist: 
2023-07-24 13:07:256 INFO  DesktopsPage :36 - Verifying 'Desktops' text: [[ChromeDriver: chrome on windows (fa987811c6528a6fb0ed50f75bd0be76)] -> xpath: //h1[contains(text(),'Desktops')]]
2023-07-24 13:07:882 INFO  HomePage :42 - Selecting option from top menu: [[[ChromeDriver: chrome on windows (ab28826c268dc172e10e8903fc91274f)] -> xpath: //ul[@class = 'top-menu notmobile']/li], [[ChromeDriver: chrome on windows (ab28826c268dc172e10e8903fc91274f)] -> xpath: //ul[@class = 'top-menu notmobile']/li], [[ChromeDriver: chrome on windows (ab28826c268dc172e10e8903fc91274f)] -> xpath: //ul[@class = 'top-menu notmobile']/li], [[ChromeDriver: chrome on windows (ab28826c268dc172e10e8903fc91274f)] -> xpath: //ul[@class = 'top-menu notmobile']/li], [[ChromeDriver: chrome on windows (ab28826c268dc172e10e8903fc91274f)] -> xpath: //ul[@class = 'top-menu notmobile']/li], [[ChromeDriver: chrome on windows (ab28826c268dc172e10e8903fc91274f)] -> xpath: //ul[@class = 'top-menu notmobile']/li], [[ChromeDriver: chrome on windows (ab28826c268dc172e10e8903fc91274f)] -> xpath: //ul[@class = 'top-menu notmobile']/li]]
2023-07-24 13:07:764 INFO  ComputerPage :38 - Selecting from sublist: 
2023-07-24 13:07:124 INFO  DesktopsPage :56 - Clicking on 'Build your own computer': [[ChromeDriver: chrome on windows (ab28826c268dc172e10e8903fc91274f)] -> xpath: //a[contains(text(),'Build your own computer')]]
2023-07-24 13:07:80 INFO  BuildYourOwnComputerPage :56 - Selecting processor: [[ChromeDriver: chrome on windows (ab28826c268dc172e10e8903fc91274f)] -> id: product_attribute_1]
2023-07-24 13:07:145 INFO  BuildYourOwnComputerPage :61 - Selecting ram: [[ChromeDriver: chrome on windows (ab28826c268dc172e10e8903fc91274f)] -> id: product_attribute_2]
2023-07-24 13:07:205 INFO  BuildYourOwnComputerPage :66 - Selecting HDD: 
2023-07-24 13:07:246 INFO  BuildYourOwnComputerPage :80 - Selecting OS: 
2023-07-24 13:07:297 INFO  BuildYourOwnComputerPage :94 - Selecting software type: [[[ChromeDriver: chrome on windows (ab28826c268dc172e10e8903fc91274f)] -> id: product_attribute_input_5]]
2023-07-24 13:07:317 INFO  BuildYourOwnComputerPage :109 - Clicking on add to cart: [[ChromeDriver: chrome on windows (ab28826c268dc172e10e8903fc91274f)] -> id: add-to-cart-button-1]
2023-07-24 13:07:613 INFO  BuildYourOwnComputerPage :114 - Verifying product has been added: [[ChromeDriver: chrome on windows (ab28826c268dc172e10e8903fc91274f)] -> xpath: //div[@class='bar-notification success']/p]
2023-07-24 13:07:368 INFO  HomePage :42 - Selecting option from top menu: [[[ChromeDriver: chrome on windows (df89e81b4e45fa318002ece94698cda9)] -> xpath: //ul[@class = 'top-menu notmobile']/li], [[ChromeDriver: chrome on windows (df89e81b4e45fa318002ece94698cda9)] -> xpath: //ul[@class = 'top-menu notmobile']/li], [[ChromeDriver: chrome on windows (df89e81b4e45fa318002ece94698cda9)] -> xpath: //ul[@class = 'top-menu notmobile']/li], [[ChromeDriver: chrome on windows (df89e81b4e45fa318002ece94698cda9)] -> xpath: //ul[@class = 'top-menu notmobile']/li], [[ChromeDriver: chrome on windows (df89e81b4e45fa318002ece94698cda9)] -> xpath: //ul[@class = 'top-menu notmobile']/li], [[ChromeDriver: chrome on windows (df89e81b4e45fa318002ece94698cda9)] -> xpath: //ul[@class = 'top-menu notmobile']/li], [[ChromeDriver: chrome on windows (df89e81b4e45fa318002ece94698cda9)] -> xpath: //ul[@class = 'top-menu notmobile']/li]]
2023-07-24 13:07:235 INFO  ComputerPage :38 - Selecting from sublist: 
2023-07-24 13:07:592 INFO  DesktopsPage :56 - Clicking on 'Build your own computer': [[ChromeDriver: chrome on windows (df89e81b4e45fa318002ece94698cda9)] -> xpath: //a[contains(text(),'Build your own computer')]]
2023-07-24 13:07:969 INFO  BuildYourOwnComputerPage :56 - Selecting processor: [[ChromeDriver: chrome on windows (df89e81b4e45fa318002ece94698cda9)] -> id: product_attribute_1]
2023-07-24 13:07:26 INFO  BuildYourOwnComputerPage :61 - Selecting ram: [[ChromeDriver: chrome on windows (df89e81b4e45fa318002ece94698cda9)] -> id: product_attribute_2]
2023-07-24 13:07:83 INFO  BuildYourOwnComputerPage :66 - Selecting HDD: 
2023-07-24 13:07:130 INFO  BuildYourOwnComputerPage :80 - Selecting OS: 
2023-07-24 13:07:181 INFO  BuildYourOwnComputerPage :94 - Selecting software type: [[[ChromeDriver: chrome on windows (df89e81b4e45fa318002ece94698cda9)] -> id: product_attribute_input_5]]
2023-07-24 13:07:200 INFO  BuildYourOwnComputerPage :109 - Clicking on add to cart: [[ChromeDriver: chrome on windows (df89e81b4e45fa318002ece94698cda9)] -> id: add-to-cart-button-1]
2023-07-24 13:07:897 INFO  BuildYourOwnComputerPage :114 - Verifying product has been added: [[ChromeDriver: chrome on windows (df89e81b4e45fa318002ece94698cda9)] -> xpath: //div[@class='bar-notification success']/p]
2023-07-24 13:07:536 INFO  HomePage :42 - Selecting option from top menu: [[[ChromeDriver: chrome on windows (13f9f099e58e4b1400692d48d9c983c5)] -> xpath: //ul[@class = 'top-menu notmobile']/li], [[ChromeDriver: chrome on windows (13f9f099e58e4b1400692d48d9c983c5)] -> xpath: //ul[@class = 'top-menu notmobile']/li], [[ChromeDriver: chrome on windows (13f9f099e58e4b1400692d48d9c983c5)] -> xpath: //ul[@class = 'top-menu notmobile']/li], [[ChromeDriver: chrome on windows (13f9f099e58e4b1400692d48d9c983c5)] -> xpath: //ul[@class = 'top-menu notmobile']/li], [[ChromeDriver: chrome on windows (13f9f099e58e4b1400692d48d9c983c5)] -> xpath: //ul[@class = 'top-menu notmobile']/li], [[ChromeDriver: chrome on windows (13f9f099e58e4b1400692d48d9c983c5)] -> xpath: //ul[@class = 'top-menu notmobile']/li], [[ChromeDriver: chrome on windows (13f9f099e58e4b1400692d48d9c983c5)] -> xpath: //ul[@class = 'top-menu notmobile']/li]]
2023-07-24 13:07:403 INFO  ComputerPage :38 - Selecting from sublist: 
2023-07-24 13:07:753 INFO  DesktopsPage :56 - Clicking on 'Build your own computer': [[ChromeDriver: chrome on windows (13f9f099e58e4b1400692d48d9c983c5)] -> xpath: //a[contains(text(),'Build your own computer')]]
2023-07-24 13:07:138 INFO  BuildYourOwnComputerPage :56 - Selecting processor: [[ChromeDriver: chrome on windows (13f9f099e58e4b1400692d48d9c983c5)] -> id: product_attribute_1]
2023-07-24 13:07:193 INFO  BuildYourOwnComputerPage :61 - Selecting ram: [[ChromeDriver: chrome on windows (13f9f099e58e4b1400692d48d9c983c5)] -> id: product_attribute_2]
2023-07-24 13:07:260 INFO  BuildYourOwnComputerPage :66 - Selecting HDD: 
2023-07-24 13:07:311 INFO  BuildYourOwnComputerPage :80 - Selecting OS: 
2023-07-24 13:07:360 INFO  BuildYourOwnComputerPage :94 - Selecting software type: [[[ChromeDriver: chrome on windows (13f9f099e58e4b1400692d48d9c983c5)] -> id: product_attribute_input_5]]
2023-07-24 13:07:382 INFO  BuildYourOwnComputerPage :109 - Clicking on add to cart: [[ChromeDriver: chrome on windows (13f9f099e58e4b1400692d48d9c983c5)] -> id: add-to-cart-button-1]
2023-07-24 13:07:79 INFO  BuildYourOwnComputerPage :114 - Verifying product has been added: [[ChromeDriver: chrome on windows (13f9f099e58e4b1400692d48d9c983c5)] -> xpath: //div[@class='bar-notification success']/p]
2023-07-24 13:07:742 INFO  HomePage :57 - Clicking on 'Register' link: [[ChromeDriver: chrome on windows (2a7e9daf35f66ab4d4fbfd6c25e6e2c8)] -> xpath: //a[contains(text(),'Register')]]
2023-07-24 13:07:539 INFO  RegisterPage :78 - Verifying 'Register' text: [[ChromeDriver: chrome on windows (2a7e9daf35f66ab4d4fbfd6c25e6e2c8)] -> xpath: //h1[contains(text(),'Register')]]
2023-07-24 13:07:261 INFO  HomePage :57 - Clicking on 'Register' link: [[ChromeDriver: chrome on windows (066ddb565b2bd4b3ba29ff36e666fb61)] -> xpath: //a[contains(text(),'Register')]]
2023-07-24 13:07:38 INFO  RegisterPage :136 - Clicking on register button: [[ChromeDriver: chrome on windows (066ddb565b2bd4b3ba29ff36e666fb61)] -> id: register-button]
2023-07-24 13:07:119 INFO  RegisterPage :141 - Verifying first name error: [[ChromeDriver: chrome on windows (066ddb565b2bd4b3ba29ff36e666fb61)] -> id: FirstName-error]
2023-07-24 13:07:144 INFO  RegisterPage :146 - Verifying last name error: [[ChromeDriver: chrome on windows (066ddb565b2bd4b3ba29ff36e666fb61)] -> id: LastName]
2023-07-24 13:07:174 INFO  RegisterPage :161 - Verifying email error: [[ChromeDriver: chrome on windows (066ddb565b2bd4b3ba29ff36e666fb61)] -> id: Email-error]
2023-07-24 13:07:195 INFO  RegisterPage :151 - Verifying password error: [[ChromeDriver: chrome on windows (066ddb565b2bd4b3ba29ff36e666fb61)] -> id: Password-error]
2023-07-24 13:07:214 INFO  RegisterPage :156 - Verifying confirm password error: [[ChromeDriver: chrome on windows (066ddb565b2bd4b3ba29ff36e666fb61)] -> id: ConfirmPassword-error]
2023-07-24 13:07:950 INFO  HomePage :57 - Clicking on 'Register' link: [[ChromeDriver: chrome on windows (b2d4ff150ee2bce2e09159ba284a730b)] -> xpath: //a[contains(text(),'Register')]]
2023-07-24 13:07:741 INFO  RegisterPage :83 - Verifying selecting gender: 
2023-07-24 13:07:797 INFO  RegisterPage :97 - Entering first name in 'First name' field: Mukz
2023-07-24 13:07:908 INFO  RegisterPage :102 - Entering last name in 'Last name' field: [[ChromeDriver: chrome on windows (b2d4ff150ee2bce2e09159ba284a730b)] -> id: LastName]
2023-07-24 13:07:970 INFO  RegisterPage :107 - Entering day in date of birth 'Day' field: [[ChromeDriver: chrome on windows (b2d4ff150ee2bce2e09159ba284a730b)] -> name: DateOfBirthDay]
2023-07-24 13:07:82 INFO  RegisterPage :112 - Entering month in date of birth 'Month' field: [[ChromeDriver: chrome on windows (b2d4ff150ee2bce2e09159ba284a730b)] -> name: DateOfBirthMonth]
2023-07-24 13:07:150 INFO  RegisterPage :117 - Entering year in date of birth 'Year' field: [[ChromeDriver: chrome on windows (b2d4ff150ee2bce2e09159ba284a730b)] -> name: DateOfBirthMonth]
2023-07-24 13:07:232 INFO  RegisterPage :121 - Entering email in 'Email' field: [[ChromeDriver: chrome on windows (b2d4ff150ee2bce2e09159ba284a730b)] -> id: Email]
2023-07-24 13:07:296 INFO  RegisterPage :126 - Entering password in 'Password' field: [[ChromeDriver: chrome on windows (b2d4ff150ee2bce2e09159ba284a730b)] -> id: Password]
2023-07-24 13:07:355 INFO  RegisterPage :131 - Confirming password in 'Confirm password' field: [[ChromeDriver: chrome on windows (b2d4ff150ee2bce2e09159ba284a730b)] -> id: ConfirmPassword]
2023-07-24 13:07:409 INFO  RegisterPage :136 - Clicking on register button: [[ChromeDriver: chrome on windows (b2d4ff150ee2bce2e09159ba284a730b)] -> id: register-button]
2023-07-24 13:07:09 INFO  RegisterPage :166 - Verifying registration complete message: [[ChromeDriver: chrome on windows (b2d4ff150ee2bce2e09159ba284a730b)] -> xpath: //div[contains(text(),'Your registration completed')]]
2023-07-24 13:07:796 INFO  HomePage :52 - Clicking on 'Log in'' link: [[ChromeDriver: chrome on windows (eb3523d26747d881dadfe1204197cdc4)] -> xpath: //a[contains(text(),'Log in')]]
2023-07-24 13:07:607 INFO  LoginPage :39 - Verifying 'Welcome, Please Sign In!' text: [[ChromeDriver: chrome on windows (eb3523d26747d881dadfe1204197cdc4)] -> xpath: //h1[contains(text(),'Welcome, Please Sign In!')]]
2023-07-24 13:07:370 INFO  HomePage :52 - Clicking on 'Log in'' link: [[ChromeDriver: chrome on windows (393345e615b9ecbaf15c3397dc769282)] -> xpath: //a[contains(text(),'Log in')]]
2023-07-24 13:07:166 INFO  LoginPage :44 - Entering email in 'Email' field: [[ChromeDriver: chrome on windows (393345e615b9ecbaf15c3397dc769282)] -> id: Email]
2023-07-24 13:07:235 INFO  LoginPage :49 - Entering password in 'Password' field: [[ChromeDriver: chrome on windows (393345e615b9ecbaf15c3397dc769282)] -> name: Password]
2023-07-24 13:07:303 INFO  LoginPage :54 - Clicking on 'Log in' button: [[ChromeDriver: chrome on windows (393345e615b9ecbaf15c3397dc769282)] -> xpath: //button[contains(text(),'Log in')]]
2023-07-24 13:07:751 INFO  LoginPage :59 - Verifying error message: [[ChromeDriver: chrome on windows (393345e615b9ecbaf15c3397dc769282)] -> xpath: //div[@class='message-error validation-summary-errors']]
2023-07-24 13:07:641 INFO  HomePage :52 - Clicking on 'Log in'' link: [[ChromeDriver: chrome on windows (752b3dc585a2a60593a79f320cdbbdbd)] -> xpath: //a[contains(text(),'Log in')]]
2023-07-24 13:07:521 INFO  LoginPage :44 - Entering email in 'Email' field: [[ChromeDriver: chrome on windows (752b3dc585a2a60593a79f320cdbbdbd)] -> id: Email]
2023-07-24 13:07:642 INFO  LoginPage :49 - Entering password in 'Password' field: [[ChromeDriver: chrome on windows (752b3dc585a2a60593a79f320cdbbdbd)] -> name: Password]
2023-07-24 13:07:712 INFO  LoginPage :54 - Clicking on 'Log in' button: [[ChromeDriver: chrome on windows (752b3dc585a2a60593a79f320cdbbdbd)] -> xpath: //button[contains(text(),'Log in')]]
2023-07-24 13:07:274 INFO  LoginPage :64 - Verifying 'Log out' link is displayed: [[ChromeDriver: chrome on windows (752b3dc585a2a60593a79f320cdbbdbd)] -> xpath: //a[contains(text(),'Log out')]]
2023-07-24 13:07:504 INFO  HomePage :52 - Clicking on 'Log in'' link: [[ChromeDriver: chrome on windows (cf52b7be6cf16a509f0f037a2dfed5d1)] -> xpath: //a[contains(text(),'Log in')]]
2023-07-24 13:07:936 INFO  LoginPage :44 - Entering email in 'Email' field: [[ChromeDriver: chrome on windows (cf52b7be6cf16a509f0f037a2dfed5d1)] -> id: Email]
2023-07-24 13:07:19 INFO  LoginPage :49 - Entering password in 'Password' field: [[ChromeDriver: chrome on windows (cf52b7be6cf16a509f0f037a2dfed5d1)] -> name: Password]
2023-07-24 13:07:99 INFO  LoginPage :54 - Clicking on 'Log in' button: [[ChromeDriver: chrome on windows (cf52b7be6cf16a509f0f037a2dfed5d1)] -> xpath: //button[contains(text(),'Log in')]]
2023-07-24 13:07:705 INFO  LoginPage :69 - Clicking on 'Log out' link: [[ChromeDriver: chrome on windows (cf52b7be6cf16a509f0f037a2dfed5d1)] -> xpath: //a[contains(text(),'Log out')]]
2023-07-24 13:07:267 INFO  HomePage :72 - Verifying 'Log in' link is displayed: [[ChromeDriver: chrome on windows (cf52b7be6cf16a509f0f037a2dfed5d1)] -> xpath: //a[contains(text(),'Log in')]]
2023-07-24 13:07:290 INFO  HomePage :52 - Clicking on 'Log in'' link: [[ChromeDriver: chrome on windows (67f60f6ca5e3513683736450e6af804a)] -> xpath: //a[contains(text(),'Log in')]]
2023-07-24 13:07:95 INFO  LoginPage :39 - Verifying 'Welcome, Please Sign In!' text: [[ChromeDriver: chrome on windows (67f60f6ca5e3513683736450e6af804a)] -> xpath: //h1[contains(text(),'Welcome, Please Sign In!')]]
2023-07-24 13:07:871 INFO  HomePage :52 - Clicking on 'Log in'' link: [[ChromeDriver: chrome on windows (e6f2ffbd5b8b41b55f287fce19f4a417)] -> xpath: //a[contains(text(),'Log in')]]
2023-07-24 13:07:666 INFO  LoginPage :44 - Entering email in 'Email' field: [[ChromeDriver: chrome on windows (e6f2ffbd5b8b41b55f287fce19f4a417)] -> id: Email]
2023-07-24 13:07:733 INFO  LoginPage :49 - Entering password in 'Password' field: [[ChromeDriver: chrome on windows (e6f2ffbd5b8b41b55f287fce19f4a417)] -> name: Password]
2023-07-24 13:07:797 INFO  LoginPage :54 - Clicking on 'Log in' button: [[ChromeDriver: chrome on windows (e6f2ffbd5b8b41b55f287fce19f4a417)] -> xpath: //button[contains(text(),'Log in')]]
2023-07-24 13:07:98 INFO  LoginPage :59 - Verifying error message: [[ChromeDriver: chrome on windows (e6f2ffbd5b8b41b55f287fce19f4a417)] -> xpath: //div[@class='message-error validation-summary-errors']]
2023-07-24 13:07:349 INFO  HomePage :52 - Clicking on 'Log in'' link: [[ChromeDriver: chrome on windows (8f17021b80729744595d18c8850ed45d)] -> xpath: //a[contains(text(),'Log in')]]
2023-07-24 13:07:119 INFO  LoginPage :44 - Entering email in 'Email' field: [[ChromeDriver: chrome on windows (8f17021b80729744595d18c8850ed45d)] -> id: Email]
2023-07-24 13:07:180 INFO  LoginPage :49 - Entering password in 'Password' field: [[ChromeDriver: chrome on windows (8f17021b80729744595d18c8850ed45d)] -> name: Password]
2023-07-24 13:07:241 INFO  LoginPage :54 - Clicking on 'Log in' button: [[ChromeDriver: chrome on windows (8f17021b80729744595d18c8850ed45d)] -> xpath: //button[contains(text(),'Log in')]]
2023-07-24 13:07:759 INFO  LoginPage :64 - Verifying 'Log out' link is displayed: [[ChromeDriver: chrome on windows (8f17021b80729744595d18c8850ed45d)] -> xpath: //a[contains(text(),'Log out')]]
2023-07-24 13:07:369 INFO  HomePage :52 - Clicking on 'Log in'' link: [[ChromeDriver: chrome on windows (4df124961268bef2a7016bdc94f792e6)] -> xpath: //a[contains(text(),'Log in')]]
2023-07-24 13:07:147 INFO  LoginPage :44 - Entering email in 'Email' field: [[ChromeDriver: chrome on windows (4df124961268bef2a7016bdc94f792e6)] -> id: Email]
2023-07-24 13:07:209 INFO  LoginPage :49 - Entering password in 'Password' field: [[ChromeDriver: chrome on windows (4df124961268bef2a7016bdc94f792e6)] -> name: Password]
2023-07-24 13:07:269 INFO  LoginPage :54 - Clicking on 'Log in' button: [[ChromeDriver: chrome on windows (4df124961268bef2a7016bdc94f792e6)] -> xpath: //button[contains(text(),'Log in')]]
2023-07-24 13:07:820 INFO  LoginPage :69 - Clicking on 'Log out' link: [[ChromeDriver: chrome on windows (4df124961268bef2a7016bdc94f792e6)] -> xpath: //a[contains(text(),'Log out')]]
2023-07-24 13:07:319 INFO  HomePage :72 - Verifying 'Log in' link is displayed: [[ChromeDriver: chrome on windows (4df124961268bef2a7016bdc94f792e6)] -> xpath: //a[contains(text(),'Log in')]]
2023-07-24 13:07:649 INFO  HomePage :52 - Clicking on 'Log in'' link: [[ChromeDriver: chrome on windows (6309e8a396c44d4efa3eaae764a8e3fd)] -> xpath: //a[contains(text(),'Log in')]]
2023-07-24 13:07:473 INFO  LoginPage :39 - Verifying 'Welcome, Please Sign In!' text: [[ChromeDriver: chrome on windows (6309e8a396c44d4efa3eaae764a8e3fd)] -> xpath: //h1[contains(text(),'Welcome, Please Sign In!')]]
2023-07-24 13:07:179 INFO  HomePage :52 - Clicking on 'Log in'' link: [[ChromeDriver: chrome on windows (c304da37b47a02fd0aa44497bd283c5e)] -> xpath: //a[contains(text(),'Log in')]]
2023-07-24 13:07:986 INFO  LoginPage :44 - Entering email in 'Email' field: [[ChromeDriver: chrome on windows (c304da37b47a02fd0aa44497bd283c5e)] -> id: Email]
2023-07-24 13:07:53 INFO  LoginPage :49 - Entering password in 'Password' field: [[ChromeDriver: chrome on windows (c304da37b47a02fd0aa44497bd283c5e)] -> name: Password]
2023-07-24 13:07:114 INFO  LoginPage :54 - Clicking on 'Log in' button: [[ChromeDriver: chrome on windows (c304da37b47a02fd0aa44497bd283c5e)] -> xpath: //button[contains(text(),'Log in')]]
2023-07-24 13:07:411 INFO  LoginPage :59 - Verifying error message: [[ChromeDriver: chrome on windows (c304da37b47a02fd0aa44497bd283c5e)] -> xpath: //div[@class='message-error validation-summary-errors']]
2023-07-24 13:07:64 INFO  HomePage :52 - Clicking on 'Log in'' link: [[ChromeDriver: chrome on windows (0c941cd8006174bfa3c65745ce601b59)] -> xpath: //a[contains(text(),'Log in')]]
2023-07-24 13:07:429 INFO  LoginPage :44 - Entering email in 'Email' field: [[ChromeDriver: chrome on windows (0c941cd8006174bfa3c65745ce601b59)] -> id: Email]
2023-07-24 13:07:491 INFO  LoginPage :49 - Entering password in 'Password' field: [[ChromeDriver: chrome on windows (0c941cd8006174bfa3c65745ce601b59)] -> name: Password]
2023-07-24 13:07:552 INFO  LoginPage :54 - Clicking on 'Log in' button: [[ChromeDriver: chrome on windows (0c941cd8006174bfa3c65745ce601b59)] -> xpath: //button[contains(text(),'Log in')]]
2023-07-24 13:07:156 INFO  LoginPage :64 - Verifying 'Log out' link is displayed: [[ChromeDriver: chrome on windows (0c941cd8006174bfa3c65745ce601b59)] -> xpath: //a[contains(text(),'Log out')]]
2023-07-24 13:07:727 INFO  HomePage :52 - Clicking on 'Log in'' link: [[ChromeDriver: chrome on windows (fbbfcee42c27fa4a7ea23982b915e1e9)] -> xpath: //a[contains(text(),'Log in')]]
2023-07-24 13:07:517 INFO  LoginPage :44 - Entering email in 'Email' field: [[ChromeDriver: chrome on windows (fbbfcee42c27fa4a7ea23982b915e1e9)] -> id: Email]
2023-07-24 13:07:580 INFO  LoginPage :49 - Entering password in 'Password' field: [[ChromeDriver: chrome on windows (fbbfcee42c27fa4a7ea23982b915e1e9)] -> name: Password]
2023-07-24 13:07:642 INFO  LoginPage :54 - Clicking on 'Log in' button: [[ChromeDriver: chrome on windows (fbbfcee42c27fa4a7ea23982b915e1e9)] -> xpath: //button[contains(text(),'Log in')]]
2023-07-24 13:07:211 INFO  LoginPage :69 - Clicking on 'Log out' link: [[ChromeDriver: chrome on windows (fbbfcee42c27fa4a7ea23982b915e1e9)] -> xpath: //a[contains(text(),'Log out')]]
2023-07-24 13:07:715 INFO  HomePage :72 - Verifying 'Log in' link is displayed: [[ChromeDriver: chrome on windows (fbbfcee42c27fa4a7ea23982b915e1e9)] -> xpath: //a[contains(text(),'Log in')]]
2023-07-25 23:07:728 INFO  HomePage :52 - Clicking on 'Log in'' link: [[ChromeDriver: chrome on windows (d8b259d5f57d2a0799023fefcced2d67)] -> xpath: //a[contains(text(),'Log in')]]
2023-07-25 23:07:355 INFO  LoginPage :39 - Verifying 'Welcome, Please Sign In!' text: [[ChromeDriver: chrome on windows (d8b259d5f57d2a0799023fefcced2d67)] -> xpath: //h1[contains(text(),'Welcome, Please Sign In!')]]
2023-07-25 23:07:204 INFO  HomePage :52 - Clicking on 'Log in'' link: [[ChromeDriver: chrome on windows (b475daf6366073e17157b5b25da471ee)] -> xpath: //a[contains(text(),'Log in')]]
2023-07-25 23:07:779 INFO  LoginPage :44 - Entering email in 'Email' field: [[ChromeDriver: chrome on windows (b475daf6366073e17157b5b25da471ee)] -> id: Email]
2023-07-25 23:07:115 INFO  LoginPage :49 - Entering password in 'Password' field: [[ChromeDriver: chrome on windows (b475daf6366073e17157b5b25da471ee)] -> name: Password]
2023-07-25 23:07:355 INFO  LoginPage :54 - Clicking on 'Log in' button: [[ChromeDriver: chrome on windows (b475daf6366073e17157b5b25da471ee)] -> xpath: //button[contains(text(),'Log in')]]
2023-07-25 23:07:25 INFO  LoginPage :59 - Verifying error message: [[ChromeDriver: chrome on windows (b475daf6366073e17157b5b25da471ee)] -> xpath: //div[@class='message-error validation-summary-errors']]
2023-07-25 23:07:249 INFO  HomePage :57 - Clicking on 'Register' link: [[ChromeDriver: chrome on windows (44a4438f7b3b3f66f08f1759d92ac62c)] -> xpath: //a[contains(text(),'Register')]]
2023-07-25 23:07:202 INFO  RegisterPage :78 - Verifying 'Register' text: [[ChromeDriver: chrome on windows (44a4438f7b3b3f66f08f1759d92ac62c)] -> xpath: //h1[contains(text(),'Register')]]
2023-07-25 23:07:245 INFO  HomePage :57 - Clicking on 'Register' link: [[ChromeDriver: chrome on windows (0a962b4e10fc62b829c1148e18577f85)] -> xpath: //a[contains(text(),'Register')]]
2023-07-25 23:07:280 INFO  RegisterPage :136 - Clicking on register button: [[ChromeDriver: chrome on windows (0a962b4e10fc62b829c1148e18577f85)] -> id: register-button]
2023-07-25 23:07:493 INFO  RegisterPage :141 - Verifying first name error: [[ChromeDriver: chrome on windows (0a962b4e10fc62b829c1148e18577f85)] -> id: FirstName-error]
2023-07-25 23:07:555 INFO  RegisterPage :146 - Verifying last name error: [[ChromeDriver: chrome on windows (0a962b4e10fc62b829c1148e18577f85)] -> id: LastName]
2023-07-25 23:07:633 INFO  RegisterPage :161 - Verifying email error: [[ChromeDriver: chrome on windows (0a962b4e10fc62b829c1148e18577f85)] -> id: Email-error]
2023-07-25 23:07:698 INFO  RegisterPage :151 - Verifying password error: [[ChromeDriver: chrome on windows (0a962b4e10fc62b829c1148e18577f85)] -> id: Password-error]
2023-07-25 23:07:762 INFO  RegisterPage :156 - Verifying confirm password error: [[ChromeDriver: chrome on windows (0a962b4e10fc62b829c1148e18577f85)] -> id: ConfirmPassword-error]
2023-07-25 23:07:840 INFO  HomePage :57 - Clicking on 'Register' link: [[ChromeDriver: chrome on windows (ed7b36c4d282ae4b97af279492dd296e)] -> xpath: //a[contains(text(),'Register')]]
2023-07-25 23:07:731 INFO  RegisterPage :83 - Verifying selecting gender: 
2023-07-25 23:07:12 INFO  RegisterPage :97 - Entering first name in 'First name' field: Mukz
2023-07-25 23:07:288 INFO  RegisterPage :102 - Entering last name in 'Last name' field: [[ChromeDriver: chrome on windows (ed7b36c4d282ae4b97af279492dd296e)] -> id: LastName]
2023-07-25 23:07:480 INFO  RegisterPage :107 - Entering day in date of birth 'Day' field: [[ChromeDriver: chrome on windows (ed7b36c4d282ae4b97af279492dd296e)] -> name: DateOfBirthDay]
2023-07-25 23:07:732 INFO  RegisterPage :112 - Entering month in date of birth 'Month' field: [[ChromeDriver: chrome on windows (ed7b36c4d282ae4b97af279492dd296e)] -> name: DateOfBirthMonth]
2023-07-25 23:07:941 INFO  RegisterPage :117 - Entering year in date of birth 'Year' field: [[ChromeDriver: chrome on windows (ed7b36c4d282ae4b97af279492dd296e)] -> name: DateOfBirthMonth]
2023-07-25 23:07:187 INFO  RegisterPage :121 - Entering email in 'Email' field: [[ChromeDriver: chrome on windows (ed7b36c4d282ae4b97af279492dd296e)] -> id: Email]
2023-07-25 23:07:393 INFO  RegisterPage :126 - Entering password in 'Password' field: [[ChromeDriver: chrome on windows (ed7b36c4d282ae4b97af279492dd296e)] -> id: Password]
2023-07-25 23:07:568 INFO  RegisterPage :131 - Confirming password in 'Confirm password' field: [[ChromeDriver: chrome on windows (ed7b36c4d282ae4b97af279492dd296e)] -> id: ConfirmPassword]
2023-07-25 23:07:734 INFO  RegisterPage :136 - Clicking on register button: [[ChromeDriver: chrome on windows (ed7b36c4d282ae4b97af279492dd296e)] -> id: register-button]
2023-07-25 23:07:631 INFO  RegisterPage :166 - Verifying registration complete message: [[ChromeDriver: chrome on windows (ed7b36c4d282ae4b97af279492dd296e)] -> xpath: //div[contains(text(),'Your registration completed')]]
2023-07-25 23:07:772 INFO  HomePage :42 - Selecting option from top menu: [[[ChromeDriver: chrome on windows (4e3cee72a06ed2797117f8f66284c532)] -> xpath: //ul[@class = 'top-menu notmobile']/li], [[ChromeDriver: chrome on windows (4e3cee72a06ed2797117f8f66284c532)] -> xpath: //ul[@class = 'top-menu notmobile']/li], [[ChromeDriver: chrome on windows (4e3cee72a06ed2797117f8f66284c532)] -> xpath: //ul[@class = 'top-menu notmobile']/li], [[ChromeDriver: chrome on windows (4e3cee72a06ed2797117f8f66284c532)] -> xpath: //ul[@class = 'top-menu notmobile']/li], [[ChromeDriver: chrome on windows (4e3cee72a06ed2797117f8f66284c532)] -> xpath: //ul[@class = 'top-menu notmobile']/li], [[ChromeDriver: chrome on windows (4e3cee72a06ed2797117f8f66284c532)] -> xpath: //ul[@class = 'top-menu notmobile']/li], [[ChromeDriver: chrome on windows (4e3cee72a06ed2797117f8f66284c532)] -> xpath: //ul[@class = 'top-menu notmobile']/li]]
2023-07-25 23:07:870 INFO  ComputerPage :33 - Verifying 'Computers' text: [[ChromeDriver: chrome on windows (4e3cee72a06ed2797117f8f66284c532)] -> xpath: //h1[contains(text(),'Computers')]]
2023-07-25 23:07:833 INFO  HomePage :42 - Selecting option from top menu: [[[ChromeDriver: chrome on windows (0cf2fdd1ebd5d5c203934b1d99c020a3)] -> xpath: //ul[@class = 'top-menu notmobile']/li], [[ChromeDriver: chrome on windows (0cf2fdd1ebd5d5c203934b1d99c020a3)] -> xpath: //ul[@class = 'top-menu notmobile']/li], [[ChromeDriver: chrome on windows (0cf2fdd1ebd5d5c203934b1d99c020a3)] -> xpath: //ul[@class = 'top-menu notmobile']/li], [[ChromeDriver: chrome on windows (0cf2fdd1ebd5d5c203934b1d99c020a3)] -> xpath: //ul[@class = 'top-menu notmobile']/li], [[ChromeDriver: chrome on windows (0cf2fdd1ebd5d5c203934b1d99c020a3)] -> xpath: //ul[@class = 'top-menu notmobile']/li], [[ChromeDriver: chrome on windows (0cf2fdd1ebd5d5c203934b1d99c020a3)] -> xpath: //ul[@class = 'top-menu notmobile']/li], [[ChromeDriver: chrome on windows (0cf2fdd1ebd5d5c203934b1d99c020a3)] -> xpath: //ul[@class = 'top-menu notmobile']/li]]
2023-07-25 23:07:907 INFO  ComputerPage :38 - Selecting from sublist: 
2023-07-25 23:07:433 INFO  DesktopsPage :36 - Verifying 'Desktops' text: [[ChromeDriver: chrome on windows (0cf2fdd1ebd5d5c203934b1d99c020a3)] -> xpath: //h1[contains(text(),'Desktops')]]
2023-07-25 23:07:215 INFO  HomePage :42 - Selecting option from top menu: [[[ChromeDriver: chrome on windows (cd649a66efed2b62820f1d3065c94237)] -> xpath: //ul[@class = 'top-menu notmobile']/li], [[ChromeDriver: chrome on windows (cd649a66efed2b62820f1d3065c94237)] -> xpath: //ul[@class = 'top-menu notmobile']/li], [[ChromeDriver: chrome on windows (cd649a66efed2b62820f1d3065c94237)] -> xpath: //ul[@class = 'top-menu notmobile']/li], [[ChromeDriver: chrome on windows (cd649a66efed2b62820f1d3065c94237)] -> xpath: //ul[@class = 'top-menu notmobile']/li], [[ChromeDriver: chrome on windows (cd649a66efed2b62820f1d3065c94237)] -> xpath: //ul[@class = 'top-menu notmobile']/li], [[ChromeDriver: chrome on windows (cd649a66efed2b62820f1d3065c94237)] -> xpath: //ul[@class = 'top-menu notmobile']/li], [[ChromeDriver: chrome on windows (cd649a66efed2b62820f1d3065c94237)] -> xpath: //ul[@class = 'top-menu notmobile']/li]]
2023-07-25 23:07:267 INFO  ComputerPage :38 - Selecting from sublist: 
2023-07-25 23:07:753 INFO  DesktopsPage :56 - Clicking on 'Build your own computer': [[ChromeDriver: chrome on windows (cd649a66efed2b62820f1d3065c94237)] -> xpath: //a[contains(text(),'Build your own computer')]]
2023-07-25 23:07:260 INFO  BuildYourOwnComputerPage :56 - Selecting processor: [[ChromeDriver: chrome on windows (cd649a66efed2b62820f1d3065c94237)] -> id: product_attribute_1]
2023-07-25 23:07:453 INFO  BuildYourOwnComputerPage :61 - Selecting ram: [[ChromeDriver: chrome on windows (cd649a66efed2b62820f1d3065c94237)] -> id: product_attribute_2]
2023-07-25 23:07:581 INFO  BuildYourOwnComputerPage :66 - Selecting HDD: 
2023-07-25 23:07:688 INFO  BuildYourOwnComputerPage :80 - Selecting OS: 
2023-07-25 23:07:797 INFO  BuildYourOwnComputerPage :94 - Selecting software type: [[[ChromeDriver: chrome on windows (cd649a66efed2b62820f1d3065c94237)] -> id: product_attribute_input_5]]
2023-07-25 23:07:840 INFO  BuildYourOwnComputerPage :109 - Clicking on add to cart: [[ChromeDriver: chrome on windows (cd649a66efed2b62820f1d3065c94237)] -> id: add-to-cart-button-1]
2023-07-25 23:07:623 INFO  BuildYourOwnComputerPage :114 - Verifying product has been added: [[ChromeDriver: chrome on windows (cd649a66efed2b62820f1d3065c94237)] -> xpath: //div[@class='bar-notification success']/p]
2023-07-25 23:07:625 INFO  HomePage :42 - Selecting option from top menu: [[[ChromeDriver: chrome on windows (69e2d97ed22a6c228ac0d618584be856)] -> xpath: //ul[@class = 'top-menu notmobile']/li], [[ChromeDriver: chrome on windows (69e2d97ed22a6c228ac0d618584be856)] -> xpath: //ul[@class = 'top-menu notmobile']/li], [[ChromeDriver: chrome on windows (69e2d97ed22a6c228ac0d618584be856)] -> xpath: //ul[@class = 'top-menu notmobile']/li], [[ChromeDriver: chrome on windows (69e2d97ed22a6c228ac0d618584be856)] -> xpath: //ul[@class = 'top-menu notmobile']/li], [[ChromeDriver: chrome on windows (69e2d97ed22a6c228ac0d618584be856)] -> xpath: //ul[@class = 'top-menu notmobile']/li], [[ChromeDriver: chrome on windows (69e2d97ed22a6c228ac0d618584be856)] -> xpath: //ul[@class = 'top-menu notmobile']/li], [[ChromeDriver: chrome on windows (69e2d97ed22a6c228ac0d618584be856)] -> xpath: //ul[@class = 'top-menu notmobile']/li]]
2023-07-25 23:07:573 INFO  ComputerPage :38 - Selecting from sublist: 
2023-07-25 23:07:27 INFO  DesktopsPage :56 - Clicking on 'Build your own computer': [[ChromeDriver: chrome on windows (69e2d97ed22a6c228ac0d618584be856)] -> xpath: //a[contains(text(),'Build your own computer')]]
2023-07-25 23:07:519 INFO  BuildYourOwnComputerPage :56 - Selecting processor: [[ChromeDriver: chrome on windows (69e2d97ed22a6c228ac0d618584be856)] -> id: product_attribute_1]
2023-07-25 23:07:644 INFO  BuildYourOwnComputerPage :61 - Selecting ram: [[ChromeDriver: chrome on windows (69e2d97ed22a6c228ac0d618584be856)] -> id: product_attribute_2]
2023-07-25 23:07:787 INFO  BuildYourOwnComputerPage :66 - Selecting HDD: 
2023-07-25 23:07:887 INFO  BuildYourOwnComputerPage :80 - Selecting OS: 
2023-07-25 23:07:991 INFO  BuildYourOwnComputerPage :94 - Selecting software type: [[[ChromeDriver: chrome on windows (69e2d97ed22a6c228ac0d618584be856)] -> id: product_attribute_input_5]]
2023-07-25 23:07:34 INFO  BuildYourOwnComputerPage :109 - Clicking on add to cart: [[ChromeDriver: chrome on windows (69e2d97ed22a6c228ac0d618584be856)] -> id: add-to-cart-button-1]
2023-07-25 23:07:812 INFO  BuildYourOwnComputerPage :114 - Verifying product has been added: [[ChromeDriver: chrome on windows (69e2d97ed22a6c228ac0d618584be856)] -> xpath: //div[@class='bar-notification success']/p]
2023-07-25 23:07:869 INFO  HomePage :42 - Selecting option from top menu: [[[ChromeDriver: chrome on windows (09f877275cf587059230edc6f5205222)] -> xpath: //ul[@class = 'top-menu notmobile']/li], [[ChromeDriver: chrome on windows (09f877275cf587059230edc6f5205222)] -> xpath: //ul[@class = 'top-menu notmobile']/li], [[ChromeDriver: chrome on windows (09f877275cf587059230edc6f5205222)] -> xpath: //ul[@class = 'top-menu notmobile']/li], [[ChromeDriver: chrome on windows (09f877275cf587059230edc6f5205222)] -> xpath: //ul[@class = 'top-menu notmobile']/li], [[ChromeDriver: chrome on windows (09f877275cf587059230edc6f5205222)] -> xpath: //ul[@class = 'top-menu notmobile']/li], [[ChromeDriver: chrome on windows (09f877275cf587059230edc6f5205222)] -> xpath: //ul[@class = 'top-menu notmobile']/li], [[ChromeDriver: chrome on windows (09f877275cf587059230edc6f5205222)] -> xpath: //ul[@class = 'top-menu notmobile']/li]]
2023-07-25 23:07:710 INFO  ComputerPage :38 - Selecting from sublist: 
2023-07-25 23:07:495 INFO  DesktopsPage :56 - Clicking on 'Build your own computer': [[ChromeDriver: chrome on windows (09f877275cf587059230edc6f5205222)] -> xpath: //a[contains(text(),'Build your own computer')]]
2023-07-25 23:07:278 INFO  BuildYourOwnComputerPage :56 - Selecting processor: [[ChromeDriver: chrome on windows (09f877275cf587059230edc6f5205222)] -> id: product_attribute_1]
2023-07-25 23:07:484 INFO  BuildYourOwnComputerPage :61 - Selecting ram: [[ChromeDriver: chrome on windows (09f877275cf587059230edc6f5205222)] -> id: product_attribute_2]
2023-07-25 23:07:674 INFO  BuildYourOwnComputerPage :66 - Selecting HDD: 
2023-07-25 23:07:838 INFO  BuildYourOwnComputerPage :80 - Selecting OS: 
2023-07-25 23:07:151 INFO  BuildYourOwnComputerPage :94 - Selecting software type: [[[ChromeDriver: chrome on windows (09f877275cf587059230edc6f5205222)] -> id: product_attribute_input_5]]
2023-07-25 23:07:209 INFO  BuildYourOwnComputerPage :109 - Clicking on add to cart: [[ChromeDriver: chrome on windows (09f877275cf587059230edc6f5205222)] -> id: add-to-cart-button-1]
2023-07-25 23:07:583 INFO  BuildYourOwnComputerPage :114 - Verifying product has been added: [[ChromeDriver: chrome on windows (09f877275cf587059230edc6f5205222)] -> xpath: //div[@class='bar-notification success']/p]
2023-07-25 23:07:71 INFO  HomePage :52 - Clicking on 'Log in'' link: [[ChromeDriver: chrome on windows (291348140f75fed9f5eb69530507edc7)] -> xpath: //a[contains(text(),'Log in')]]
2023-07-25 23:07:123 INFO  LoginPage :39 - Verifying 'Welcome, Please Sign In!' text: [[ChromeDriver: chrome on windows (291348140f75fed9f5eb69530507edc7)] -> xpath: //h1[contains(text(),'Welcome, Please Sign In!')]]
2023-07-25 23:07:703 INFO  HomePage :52 - Clicking on 'Log in'' link: [[ChromeDriver: chrome on windows (5829bf13b1c94e60990c570af4d45e47)] -> xpath: //a[contains(text(),'Log in')]]
2023-07-25 23:07:735 INFO  LoginPage :44 - Entering email in 'Email' field: [[ChromeDriver: chrome on windows (5829bf13b1c94e60990c570af4d45e47)] -> id: Email]
2023-07-25 23:07:911 INFO  LoginPage :49 - Entering password in 'Password' field: [[ChromeDriver: chrome on windows (5829bf13b1c94e60990c570af4d45e47)] -> name: Password]
2023-07-25 23:07:89 INFO  LoginPage :54 - Clicking on 'Log in' button: [[ChromeDriver: chrome on windows (5829bf13b1c94e60990c570af4d45e47)] -> xpath: //button[contains(text(),'Log in')]]
2023-07-25 23:07:656 INFO  LoginPage :59 - Verifying error message: [[ChromeDriver: chrome on windows (5829bf13b1c94e60990c570af4d45e47)] -> xpath: //div[@class='message-error validation-summary-errors']]
2023-07-25 23:07:717 INFO  HomePage :52 - Clicking on 'Log in'' link: [[ChromeDriver: chrome on windows (82e25799062c4ed5f31cf7bbc522fda7)] -> xpath: //a[contains(text(),'Log in')]]
2023-07-25 23:07:684 INFO  LoginPage :44 - Entering email in 'Email' field: [[ChromeDriver: chrome on windows (82e25799062c4ed5f31cf7bbc522fda7)] -> id: Email]
2023-07-25 23:07:837 INFO  LoginPage :49 - Entering password in 'Password' field: [[ChromeDriver: chrome on windows (82e25799062c4ed5f31cf7bbc522fda7)] -> name: Password]
2023-07-25 23:07:990 INFO  LoginPage :54 - Clicking on 'Log in' button: [[ChromeDriver: chrome on windows (82e25799062c4ed5f31cf7bbc522fda7)] -> xpath: //button[contains(text(),'Log in')]]
2023-07-25 23:07:726 INFO  LoginPage :64 - Verifying 'Log out' link is displayed: [[ChromeDriver: chrome on windows (82e25799062c4ed5f31cf7bbc522fda7)] -> xpath: //a[contains(text(),'Log out')]]
2023-07-25 23:07:991 INFO  HomePage :52 - Clicking on 'Log in'' link: [[ChromeDriver: chrome on windows (b5d8ee527a20199ec7d5148e3cdd9798)] -> xpath: //a[contains(text(),'Log in')]]
2023-07-25 23:07:897 INFO  LoginPage :44 - Entering email in 'Email' field: [[ChromeDriver: chrome on windows (b5d8ee527a20199ec7d5148e3cdd9798)] -> id: Email]
2023-07-25 23:07:39 INFO  LoginPage :49 - Entering password in 'Password' field: [[ChromeDriver: chrome on windows (b5d8ee527a20199ec7d5148e3cdd9798)] -> name: Password]
2023-07-25 23:07:187 INFO  LoginPage :54 - Clicking on 'Log in' button: [[ChromeDriver: chrome on windows (b5d8ee527a20199ec7d5148e3cdd9798)] -> xpath: //button[contains(text(),'Log in')]]
2023-07-25 23:07:871 INFO  LoginPage :69 - Clicking on 'Log out' link: [[ChromeDriver: chrome on windows (b5d8ee527a20199ec7d5148e3cdd9798)] -> xpath: //a[contains(text(),'Log out')]]
2023-07-25 23:07:564 INFO  HomePage :72 - Verifying 'Log in' link is displayed: [[ChromeDriver: chrome on windows (b5d8ee527a20199ec7d5148e3cdd9798)] -> xpath: //a[contains(text(),'Log in')]]
